<?xml version="1.0" encoding="UTF-8"?>
<testsuite xmlns:xsi="http://www.w3.org/2001/XMLSchema-instance" xsi:noNamespaceSchemaLocation="https://maven.apache.org/surefire/maven-surefire-plugin/xsd/surefire-test-report.xsd" name="Create Notes" time="9.576" tests="3" errors="0" skipped="0" failures="0">
  <properties>
[...]
</properties>
  <testcase name="Create a new note #1" classname="Create Notes" time="6.134"/>
  <testcase name="Create a new note #2" classname="Create Notes" time="1.885"/>
  <testcase name="Create a new note #3" classname="Create Notes" time="1.554"/>
</testsuite>